# JRE version: OpenJDK Runtime Environment Temurin-17.0.7+7 (17.0.7+7) (build 17.0.7+7)
# Java VM: OpenJDK 64-Bit Server VM Temurin-17.0.7+7 (17.0.7+7, mixed mode, tiered, compressed oops, compressed class ptrs, g1 gc, windows-amd64)
GC Precious Log:
 CPUs: 8 total, 8 available
 Memory: 16126M
 Large Page Support: Disabled
 NUMA Support: Disabled
 Compressed Oops: Enabled (Zero based)
 Heap Region Size: 2M
 Heap Min Capacity: 8M
 Heap Initial Capacity: 252M
 Heap Max Capacity: 4032M
 Pre-touch: Disabled
 Parallel Workers: 8
 Concurrent Workers: 2
 Concurrent Refinement Workers: 8
 Periodic GC: Disabled
Heap:
 garbage-first heap   total 55296K, used 16508K [0x0000000704000000, 0x0000000800000000)
  region size 2048K, 2 young (4096K), 2 survivors (4096K)
 Metaspace       used 34110K, committed 34496K, reserved 1114112K
  class space    used 3863K, committed 4032K, reserved 1048576K
GC Heap History (15 events):
Event: 1.047 GC heap before
{Heap before GC invocations=0 (full 0):
 garbage-first heap   total 258048K, used 20480K [0x0000000704000000, 0x0000000800000000)
  region size 2048K, 11 young (22528K), 0 survivors (0K)
 Metaspace       used 13944K, committed 14144K, reserved 1114112K
  class space    used 1375K, committed 1472K, reserved 1048576K
}
Event: 1.053 GC heap after
{Heap after GC invocations=1 (full 0):
 garbage-first heap   total 258048K, used 8970K [0x0000000704000000, 0x0000000800000000)
  region size 2048K, 2 young (4096K), 2 survivors (4096K)
 Metaspace       used 13944K, committed 14144K, reserved 1114112K
  class space    used 1375K, committed 1472K, reserved 1048576K
}
Event: 2.396 GC heap before
{Heap before GC invocations=1 (full 0):
 garbage-first heap   total 258048K, used 23306K [0x0000000704000000, 0x0000000800000000)
  region size 2048K, 11 young (22528K), 2 survivors (4096K)
 Metaspace       used 21154K, committed 21504K, reserved 1114112K
  class space    used 2237K, committed 2432K, reserved 1048576K
}
Event: 2.401 GC heap after
{Heap after GC invocations=2 (full 0):
 garbage-first heap   total 258048K, used 11125K [0x0000000704000000, 0x0000000800000000)
  region size 2048K, 2 young (4096K), 2 survivors (4096K)
 Metaspace       used 21154K, committed 21504K, reserved 1114112K
  class space    used 2237K, committed 2432K, reserved 1048576K
}
Event: 11.538 GC heap before
{Heap before GC invocations=3 (full 0):
 garbage-first heap   total 55296K, used 31605K [0x0000000704000000, 0x0000000800000000)
  region size 2048K, 13 young (26624K), 2 survivors (4096K)
 Metaspace       used 26798K, committed 27136K, reserved 1114112K
  class space    used 2962K, committed 3136K, reserved 1048576K
}
Event: 11.550 GC heap after
{Heap after GC invocations=4 (full 0):
 garbage-first heap   total 55296K, used 12963K [0x0000000704000000, 0x0000000800000000)
  region size 2048K, 1 young (2048K), 1 survivors (2048K)
 Metaspace       used 26798K, committed 27136K, reserved 1114112K
  class space    used 2962K, committed 3136K, reserved 1048576K
}
Event: 11.666 GC heap before
{Heap before GC invocations=4 (full 0):
 garbage-first heap   total 55296K, used 15011K [0x0000000704000000, 0x0000000800000000)
  region size 2048K, 2 young (4096K), 1 survivors (2048K)
 Metaspace       used 27371K, committed 27712K, reserved 1114112K
  class space    used 3021K, committed 3200K, reserved 1048576K
}
Event: 11.671 GC heap after
{Heap after GC invocations=5 (full 0):
 garbage-first heap   total 55296K, used 13235K [0x0000000704000000, 0x0000000800000000)
  region size 2048K, 1 young (2048K), 1 survivors (2048K)
 Metaspace       used 27371K, committed 27712K, reserved 1114112K
  class space    used 3021K, committed 3200K, reserved 1048576K
}
Event: 12.663 GC heap before
{Heap before GC invocations=5 (full 0):
 garbage-first heap   total 55296K, used 29619K [0x0000000704000000, 0x0000000800000000)
  region size 2048K, 9 young (18432K), 1 survivors (2048K)
 Metaspace       used 30887K, committed 31296K, reserved 1114112K
  class space    used 3466K, committed 3648K, reserved 1048576K
}
Event: 12.666 GC heap after
{Heap after GC invocations=6 (full 0):
 garbage-first heap   total 55296K, used 14196K [0x0000000704000000, 0x0000000800000000)
  region size 2048K, 1 young (2048K), 1 survivors (2048K)
 Metaspace       used 30887K, committed 31296K, reserved 1114112K
  class space    used 3466K, committed 3648K, reserved 1048576K
}
Event: 12.713 GC heap before
{Heap before GC invocations=6 (full 0):
 garbage-first heap   total 55296K, used 32628K [0x0000000704000000, 0x0000000800000000)
  region size 2048K, 10 young (20480K), 1 survivors (2048K)
 Metaspace       used 30887K, committed 31296K, reserved 1114112K
  class space    used 3466K, committed 3648K, reserved 1048576K
}
Event: 12.717 GC heap after
{Heap after GC invocations=7 (full 0):
 garbage-first heap   total 55296K, used 14719K [0x0000000704000000, 0x0000000800000000)
  region size 2048K, 1 young (2048K), 1 survivors (2048K)
 Metaspace       used 30887K, committed 31296K, reserved 1114112K
  class space    used 3466K, committed 3648K, reserved 1048576K
}
Event: 13.018 GC heap before
{Heap before GC invocations=7 (full 0):
 garbage-first heap   total 55296K, used 35199K [0x0000000704000000, 0x0000000800000000)
  region size 2048K, 11 young (22528K), 1 survivors (2048K)
 Metaspace       used 31672K, committed 32000K, reserved 1114112K
  class space    used 3583K, committed 3776K, reserved 1048576K
}
Event: 13.022 GC heap after
{Heap after GC invocations=8 (full 0):
 garbage-first heap   total 55296K, used 15558K [0x0000000704000000, 0x0000000800000000)
  region size 2048K, 2 young (4096K), 2 survivors (4096K)
 Metaspace       used 31672K, committed 32000K, reserved 1114112K
  class space    used 3583K, committed 3776K, reserved 1048576K
}
Event: 41.665 GC heap before
{Heap before GC invocations=8 (full 0):
 garbage-first heap   total 55296K, used 36038K [0x0000000704000000, 0x0000000800000000)
  region size 2048K, 12 young (24576K), 2 survivors (4096K)
 Metaspace       used 34110K, committed 34496K, reserved 1114112K
  class space    used 3863K, committed 4032K, reserved 1048576K
}

