# JRE version: OpenJDK Runtime Environment Temurin-17.0.7+7 (17.0.7+7) (build 17.0.7+7)
# Java VM: OpenJDK 64-Bit Server VM Temurin-17.0.7+7 (17.0.7+7, mixed mode, tiered, compressed oops, compressed class ptrs, g1 gc, windows-amd64)
GC Precious Log:
 CPUs: 8 total, 8 available
 Memory: 16126M
 Large Page Support: Disabled
 NUMA Support: Disabled
 Compressed Oops: Enabled (Zero based)
 Heap Region Size: 2M
 Heap Min Capacity: 8M
 Heap Initial Capacity: 252M
 Heap Max Capacity: 4032M
 Pre-touch: Disabled
 Parallel Workers: 8
 Concurrent Workers: 2
 Concurrent Refinement Workers: 8
 Periodic GC: Disabled
Heap:
 garbage-first heap   total 55296K, used 16263K [0x0000000704000000, 0x0000000800000000)
  region size 2048K, 2 young (4096K), 2 survivors (4096K)
 Metaspace       used 34076K, committed 34432K, reserved 1114112K
  class space    used 3852K, committed 4032K, reserved 1048576K
GC Heap History (15 events):
Event: 1.007 GC heap before
{Heap before GC invocations=0 (full 0):
 garbage-first heap   total 258048K, used 20480K [0x0000000704000000, 0x0000000800000000)
  region size 2048K, 11 young (22528K), 0 survivors (0K)
 Metaspace       used 13926K, committed 14144K, reserved 1114112K
  class space    used 1374K, committed 1472K, reserved 1048576K
}
Event: 1.014 GC heap after
{Heap after GC invocations=1 (full 0):
 garbage-first heap   total 258048K, used 8312K [0x0000000704000000, 0x0000000800000000)
  region size 2048K, 2 young (4096K), 2 survivors (4096K)
 Metaspace       used 13926K, committed 14144K, reserved 1114112K
  class space    used 1374K, committed 1472K, reserved 1048576K
}
Event: 2.103 GC heap before
{Heap before GC invocations=1 (full 0):
 garbage-first heap   total 258048K, used 24696K [0x0000000704000000, 0x0000000800000000)
  region size 2048K, 11 young (22528K), 2 survivors (4096K)
 Metaspace       used 21159K, committed 21504K, reserved 1114112K
  class space    used 2241K, committed 2432K, reserved 1048576K
}
Event: 2.108 GC heap after
{Heap after GC invocations=2 (full 0):
 garbage-first heap   total 258048K, used 11092K [0x0000000704000000, 0x0000000800000000)
  region size 2048K, 2 young (4096K), 2 survivors (4096K)
 Metaspace       used 21159K, committed 21504K, reserved 1114112K
  class space    used 2241K, committed 2432K, reserved 1048576K
}
Event: 9.803 GC heap before
{Heap before GC invocations=3 (full 0):
 garbage-first heap   total 55296K, used 29524K [0x0000000704000000, 0x0000000800000000)
  region size 2048K, 13 young (26624K), 2 survivors (4096K)
 Metaspace       used 26850K, committed 27200K, reserved 1114112K
  class space    used 2965K, committed 3136K, reserved 1048576K
}
Event: 9.812 GC heap after
{Heap after GC invocations=4 (full 0):
 garbage-first heap   total 55296K, used 12831K [0x0000000704000000, 0x0000000800000000)
  region size 2048K, 1 young (2048K), 1 survivors (2048K)
 Metaspace       used 26850K, committed 27200K, reserved 1114112K
  class space    used 2965K, committed 3136K, reserved 1048576K
}
Event: 9.944 GC heap before
{Heap before GC invocations=4 (full 0):
 garbage-first heap   total 55296K, used 14879K [0x0000000704000000, 0x0000000800000000)
  region size 2048K, 2 young (4096K), 1 survivors (2048K)
 Metaspace       used 27453K, committed 27840K, reserved 1114112K
  class space    used 3032K, committed 3200K, reserved 1048576K
}
Event: 9.950 GC heap after
{Heap after GC invocations=5 (full 0):
 garbage-first heap   total 55296K, used 13220K [0x0000000704000000, 0x0000000800000000)
  region size 2048K, 1 young (2048K), 1 survivors (2048K)
 Metaspace       used 27453K, committed 27840K, reserved 1114112K
  class space    used 3032K, committed 3200K, reserved 1048576K
}
Event: 10.743 GC heap before
{Heap before GC invocations=5 (full 0):
 garbage-first heap   total 55296K, used 29604K [0x0000000704000000, 0x0000000800000000)
  region size 2048K, 9 young (18432K), 1 survivors (2048K)
 Metaspace       used 30854K, committed 31232K, reserved 1114112K
  class space    used 3464K, committed 3648K, reserved 1048576K
}
Event: 10.746 GC heap after
{Heap after GC invocations=6 (full 0):
 garbage-first heap   total 55296K, used 14067K [0x0000000704000000, 0x0000000800000000)
  region size 2048K, 1 young (2048K), 1 survivors (2048K)
 Metaspace       used 30854K, committed 31232K, reserved 1114112K
  class space    used 3464K, committed 3648K, reserved 1048576K
}
Event: 10.788 GC heap before
{Heap before GC invocations=6 (full 0):
 garbage-first heap   total 55296K, used 32499K [0x0000000704000000, 0x0000000800000000)
  region size 2048K, 10 young (20480K), 1 survivors (2048K)
 Metaspace       used 30854K, committed 31232K, reserved 1114112K
  class space    used 3464K, committed 3648K, reserved 1048576K
}
Event: 10.792 GC heap after
{Heap after GC invocations=7 (full 0):
 garbage-first heap   total 55296K, used 14645K [0x0000000704000000, 0x0000000800000000)
  region size 2048K, 1 young (2048K), 1 survivors (2048K)
 Metaspace       used 30854K, committed 31232K, reserved 1114112K
  class space    used 3464K, committed 3648K, reserved 1048576K
}
Event: 11.075 GC heap before
{Heap before GC invocations=7 (full 0):
 garbage-first heap   total 55296K, used 35125K [0x0000000704000000, 0x0000000800000000)
  region size 2048K, 11 young (22528K), 1 survivors (2048K)
 Metaspace       used 31747K, committed 32128K, reserved 1114112K
  class space    used 3596K, committed 3776K, reserved 1048576K
}
Event: 11.079 GC heap after
{Heap after GC invocations=8 (full 0):
 garbage-first heap   total 55296K, used 15480K [0x0000000704000000, 0x0000000800000000)
  region size 2048K, 2 young (4096K), 2 survivors (4096K)
 Metaspace       used 31747K, committed 32128K, reserved 1114112K
  class space    used 3596K, committed 3776K, reserved 1048576K
}
Event: 28.488 GC heap before
{Heap before GC invocations=8 (full 0):
 garbage-first heap   total 55296K, used 35960K [0x0000000704000000, 0x0000000800000000)
  region size 2048K, 12 young (24576K), 2 survivors (4096K)
 Metaspace       used 34076K, committed 34432K, reserved 1114112K
  class space    used 3852K, committed 4032K, reserved 1048576K
}

